<?xml version="1.0" encoding="UTF-8"?>
<!-- Generated by org.testng.reporters.JUnitReportReporter -->
<testsuite hostname="DESKTOP-NUST68L" failures="0" tests="1" name="dropdowns.dropDownFeature" time="27.311" errors="0" timestamp="2025-05-29T20:23:09 IST" skipped="0">
  <testcase classname="dropdowns.dropDownFeature" name="dropdownSelection" time="27.311"/>
</testsuite> <!-- dropdowns.dropDownFeature -->
