<?xml version="1.0" encoding="UTF-8"?>
<!-- Generated by org.testng.reporters.JUnitReportReporter -->
<testsuite hostname="DESKTOP-NUST68L" failures="0" tests="3" name="pagescrolldownandup.PageScrollDownUp" time="18.341" errors="0" timestamp="2025-06-07T19:14:50 IST" skipped="0">
  <testcase classname="pagescrolldownandup.PageScrollDownUp" name="IndentifyLoacatorElement" time="3.051"/>
  <testcase classname="pagescrolldownandup.PageScrollDownUp" name="scrolldown" time="9.236"/>
  <testcase classname="pagescrolldownandup.PageScrollDownUp" name="scrollup" time="6.054"/>
</testsuite> <!-- pagescrolldownandup.PageScrollDownUp -->
