<?xml version="1.0" encoding="UTF-8"?>
<!-- Generated by org.testng.reporters.JUnitReportReporter -->
<testsuite hostname="DESKTOP-NUST68L" failures="0" tests="3" name="isdisplayedisenabledisselected.TechlearnLogin" time="14.977" errors="0" timestamp="2025-06-07T17:42:19 IST" skipped="0">
  <testcase classname="isdisplayedisenabledisselected.TechlearnLogin" name="verifyisSelectedmethod" time="3.822"/>
  <testcase classname="isdisplayedisenabledisselected.TechlearnLogin" name="verifyisEnabledmethod" time="3.822"/>
  <testcase classname="isdisplayedisenabledisselected.TechlearnLogin" name="verifyisDisplayedmethod" time="7.333"/>
</testsuite> <!-- isdisplayedisenabledisselected.TechlearnLogin -->
