<?xml version="1.0" encoding="UTF-8"?>
<!-- Generated by org.testng.reporters.JUnitReportReporter -->
<testsuite hostname="DESKTOP-NUST68L" failures="0" tests="2" name="testngframework.B_TestNG_Testcase_Run_From_XML_File" time="3.953" errors="0" timestamp="2025-05-28T15:55:57 IST" skipped="0">
  <testcase classname="testngframework.B_TestNG_Testcase_Run_From_XML_File" name="twitter" time="3.429"/>
  <testcase classname="testngframework.B_TestNG_Testcase_Run_From_XML_File" name="selenium" time="0.524"/>
</testsuite> <!-- testngframework.B_TestNG_Testcase_Run_From_XML_File -->
