<?xml version="1.0" encoding="UTF-8"?>
<!-- Generated by org.testng.reporters.JUnitReportReporter -->
<testsuite hostname="DESKTOP-NUST68L" failures="0" tests="1" name="testngframework.H_TestCase_Invocationcount_Multiple_Times_Run" time="3.427" errors="0" timestamp="2025-05-28T08:50:51 IST" skipped="0">
  <testcase classname="testngframework.H_TestCase_Invocationcount_Multiple_Times_Run" name="logininvalid1" time="3.427"/>
</testsuite> <!-- testngframework.H_TestCase_Invocationcount_Multiple_Times_Run -->
