<?xml version="1.0" encoding="UTF-8"?>
<!-- Generated by org.testng.reporters.JUnitReportReporter -->
<testsuite hostname="DESKTOP-NUST68L" failures="0" tests="13" name="testngframework.J_TestNG_Testcase_Run_Groups" time="180.618" errors="0" timestamp="2025-06-05T17:49:47 IST" skipped="0">
  <testcase classname="testngframework.J_TestNG_Testcase_Run_Groups" name="ndtv" time="30.802"/>
  <testcase classname="testngframework.J_TestNG_Testcase_Run_Groups" name="facebook" time="0.948"/>
  <testcase classname="testngframework.J_TestNG_Testcase_Run_Groups" name="redmine" time="3.291"/>
  <testcase classname="testngframework.J_TestNG_Testcase_Run_Groups" name="jira" time="89.570"/>
  <testcase classname="testngframework.J_TestNG_Testcase_Run_Groups" name="bugzilla" time="2.377"/>
  <testcase classname="testngframework.J_TestNG_Testcase_Run_Groups" name="yahoo" time="29.473"/>
  <testcase classname="testngframework.J_TestNG_Testcase_Run_Groups" name="mantisbt" time="4.346"/>
  <testcase classname="testngframework.J_TestNG_Testcase_Run_Groups" name="twitter" time="5.018"/>
  <testcase classname="testngframework.J_TestNG_Testcase_Run_Groups" name="gmail" time="2.210"/>
  <testcase classname="testngframework.J_TestNG_Testcase_Run_Groups" name="google" time="3.942"/>
  <testcase classname="testngframework.J_TestNG_Testcase_Run_Groups" name="swiggy" time="4.947"/>
  <testcase classname="testngframework.J_TestNG_Testcase_Run_Groups" name="selenium" time="0.374"/>
  <testcase classname="testngframework.J_TestNG_Testcase_Run_Groups" name="redmine1" time="3.320"/>
</testsuite> <!-- testngframework.J_TestNG_Testcase_Run_Groups -->
