<?xml version="1.0" encoding="UTF-8"?>
<!-- Generated by org.testng.reporters.JUnitReportReporter -->
<testsuite hostname="DESKTOP-NUST68L" failures="0" tests="3" name="alerts.popupAlerts" time="23.786" errors="0" timestamp="2025-06-02T14:41:16 IST" skipped="0">
  <testcase classname="alerts.popupAlerts" name="presscanelbuttoninalertwindow1" time="5.721"/>
  <testcase classname="alerts.popupAlerts" name="pressokbuttoninalertwindow1" time="5.124"/>
  <testcase classname="alerts.popupAlerts" name="entertextpressokcanelbuttoninalertwindow" time="12.941"/>
</testsuite> <!-- alerts.popupAlerts -->
