<?xml version="1.0" encoding="UTF-8"?>
<!-- Generated by org.testng.reporters.JUnitReportReporter -->
<testsuite hostname="DESKTOP-NUST68L" failures="0" tests="1" name="iframes.iframesHandles" time="34.777" errors="0" timestamp="2025-05-30T18:33:36 IST" skipped="0">
  <testcase classname="iframes.iframesHandles" name="frames" time="34.777"/>
</testsuite> <!-- iframes.iframesHandles -->
