<?xml version="1.0" encoding="UTF-8"?>
<!-- Generated by org.testng.reporters.JUnitReportReporter -->
<testsuite hostname="DESKTOP-NUST68L" failures="0" tests="2" name="testngframework.F_TestCase_DependsonMethods" time="3.727" errors="0" timestamp="2025-05-28T08:42:31 IST" skipped="0">
  <testcase classname="testngframework.F_TestCase_DependsonMethods" name="method2" time="3.535"/>
  <testcase classname="testngframework.F_TestCase_DependsonMethods" name="method" time="0.192"/>
</testsuite> <!-- testngframework.F_TestCase_DependsonMethods -->
